# JRE version: 7.0_15-b20
# Java VM: OpenJDK 64-Bit Server VM (23.7-b01 mixed mode linux-amd64 compressed oops)
Heap
 PSYoungGen      total 318336K, used 202838K [0x00000000ec000000, 0x00000000fff70000, 0x0000000100000000)
  eden space 309696K, 64% used [0x00000000ec000000,0x00000000f82d9b60,0x00000000fee70000)
  from space 8640K, 38% used [0x00000000ff700000,0x00000000ffa3c010,0x00000000fff70000)
  to   space 8704K, 0% used [0x00000000fee70000,0x00000000fee70000,0x00000000ff6f0000)
 ParOldGen       total 58304K, used 30536K [0x00000000c4000000, 0x00000000c78f0000, 0x00000000ec000000)
  object space 58304K, 52% used [0x00000000c4000000,0x00000000c5dd21f0,0x00000000c78f0000)
 PSPermGen       total 60864K, used 34968K [0x00000000b9a00000, 0x00000000bd570000, 0x00000000c4000000)
  object space 60864K, 57% used [0x00000000b9a00000,0x00000000bbc26390,0x00000000bd570000)
GC Heap History (10 events):
Event: 16.526 GC heap before
{Heap before GC invocations=13 (full 0):
 PSYoungGen      total 317952K, used 313309K [0x00000000ec000000, 0x0000000100000000, 0x0000000100000000)
  eden space 308416K, 100% used [0x00000000ec000000,0x00000000fed30000,0x00000000fed30000)
  from space 9536K, 51% used [0x00000000ff620000,0x00000000ffae7648,0x00000000fff70000)
  to   space 9152K, 0% used [0x00000000fed30000,0x00000000fed30000,0x00000000ff620000)
 ParOldGen       total 40960K, used 26356K [0x00000000c4000000, 0x00000000c6800000, 0x00000000ec000000)
  object space 40960K, 64% used [0x00000000c4000000,0x00000000c59bd2d8,0x00000000c6800000)
 PSPermGen       total 27200K, used 27094K [0x00000000b9a00000, 0x00000000bb490000, 0x00000000c4000000)
  object space 27200K, 99% used [0x00000000b9a00000,0x00000000bb4759f8,0x00000000bb490000)
Event: 16.534 GC heap after
Heap after GC invocations=13 (full 0):
 PSYoungGen      total 317568K, used 992K [0x00000000ec000000, 0x0000000100000000, 0x0000000100000000)
  eden space 308416K, 0% used [0x00000000ec000000,0x00000000ec000000,0x00000000fed30000)
  from space 9152K, 10% used [0x00000000fed30000,0x00000000fee28000,0x00000000ff620000)
  to   space 9472K, 0% used [0x00000000ff6c0000,0x00000000ff6c0000,0x0000000100000000)
 ParOldGen       total 40960K, used 30660K [0x00000000c4000000, 0x00000000c6800000, 0x00000000ec000000)
  object space 40960K, 74% used [0x00000000c4000000,0x00000000c5df1150,0x00000000c6800000)
 PSPermGen       total 27200K, used 27094K [0x00000000b9a00000, 0x00000000bb490000, 0x00000000c4000000)
  object space 27200K, 99% used [0x00000000b9a00000,0x00000000bb4759f8,0x00000000bb490000)
}
Event: 17.081 GC heap before
{Heap before GC invocations=14 (full 0):
 PSYoungGen      total 317568K, used 309408K [0x00000000ec000000, 0x0000000100000000, 0x0000000100000000)
  eden space 308416K, 100% used [0x00000000ec000000,0x00000000fed30000,0x00000000fed30000)
  from space 9152K, 10% used [0x00000000fed30000,0x00000000fee28000,0x00000000ff620000)
  to   space 9472K, 0% used [0x00000000ff6c0000,0x00000000ff6c0000,0x0000000100000000)
 ParOldGen       total 40960K, used 30660K [0x00000000c4000000, 0x00000000c6800000, 0x00000000ec000000)
  object space 40960K, 74% used [0x00000000c4000000,0x00000000c5df1150,0x00000000c6800000)
 PSPermGen       total 27776K, used 27717K [0x00000000b9a00000, 0x00000000bb520000, 0x00000000c4000000)
  object space 27776K, 99% used [0x00000000b9a00000,0x00000000bb511700,0x00000000bb520000)
Event: 17.088 GC heap after
Heap after GC invocations=14 (full 0):
 PSYoungGen      total 318080K, used 4416K [0x00000000ec000000, 0x00000000fff90000, 0x0000000100000000)
  eden space 309056K, 0% used [0x00000000ec000000,0x00000000ec000000,0x00000000fedd0000)
  from space 9024K, 48% used [0x00000000ff6c0000,0x00000000ffb10000,0x00000000fff90000)
  to   space 9088K, 0% used [0x00000000fedd0000,0x00000000fedd0000,0x00000000ff6b0000)
 ParOldGen       total 40960K, used 31572K [0x00000000c4000000, 0x00000000c6800000, 0x00000000ec000000)
  object space 40960K, 77% used [0x00000000c4000000,0x00000000c5ed5048,0x00000000c6800000)
 PSPermGen       total 27776K, used 27717K [0x00000000b9a00000, 0x00000000bb520000, 0x00000000c4000000)
  object space 27776K, 99% used [0x00000000b9a00000,0x00000000bb511700,0x00000000bb520000)
}
Event: 18.215 GC heap before
{Heap before GC invocations=15 (full 0):
 PSYoungGen      total 318080K, used 313472K [0x00000000ec000000, 0x00000000fff90000, 0x0000000100000000)
  eden space 309056K, 100% used [0x00000000ec000000,0x00000000fedd0000,0x00000000fedd0000)
  from space 9024K, 48% used [0x00000000ff6c0000,0x00000000ffb10000,0x00000000fff90000)
  to   space 9088K, 0% used [0x00000000fedd0000,0x00000000fedd0000,0x00000000ff6b0000)
 ParOldGen       total 40960K, used 31572K [0x00000000c4000000, 0x00000000c6800000, 0x00000000ec000000)
  object space 40960K, 77% used [0x00000000c4000000,0x00000000c5ed5048,0x00000000c6800000)
 PSPermGen       total 30464K, used 30301K [0x00000000b9a00000, 0x00000000bb7c0000, 0x00000000c4000000)
  object space 30464K, 99% used [0x00000000b9a00000,0x00000000bb797640,0x00000000bb7c0000)
Event: 18.228 GC heap after
Heap after GC invocations=15 (full 0):
 PSYoungGen      total 318144K, used 3360K [0x00000000ec000000, 0x00000000fffb0000, 0x0000000100000000)
  eden space 309056K, 0% used [0x00000000ec000000,0x00000000ec000000,0x00000000fedd0000)
  from space 9088K, 36% used [0x00000000fedd0000,0x00000000ff118000,0x00000000ff6b0000)
  to   space 8896K, 0% used [0x00000000ff700000,0x00000000ff700000,0x00000000fffb0000)
 ParOldGen       total 40960K, used 35783K [0x00000000c4000000, 0x00000000c6800000, 0x00000000ec000000)
  object space 40960K, 87% used [0x00000000c4000000,0x00000000c62f1d80,0x00000000c6800000)
 PSPermGen       total 30464K, used 30301K [0x00000000b9a00000, 0x00000000bb7c0000, 0x00000000c4000000)
  object space 30464K, 99% used [0x00000000b9a00000,0x00000000bb797640,0x00000000bb7c0000)
}
Event: 18.229 GC heap before
{Heap before GC invocations=16 (full 1):
 PSYoungGen      total 318144K, used 3360K [0x00000000ec000000, 0x00000000fffb0000, 0x0000000100000000)
  eden space 309056K, 0% used [0x00000000ec000000,0x00000000ec000000,0x00000000fedd0000)
  from space 9088K, 36% used [0x00000000fedd0000,0x00000000ff118000,0x00000000ff6b0000)
  to   space 8896K, 0% used [0x00000000ff700000,0x00000000ff700000,0x00000000fffb0000)
 ParOldGen       total 40960K, used 35783K [0x00000000c4000000, 0x00000000c6800000, 0x00000000ec000000)
  object space 40960K, 87% used [0x00000000c4000000,0x00000000c62f1d80,0x00000000c6800000)
 PSPermGen       total 30464K, used 30301K [0x00000000b9a00000, 0x00000000bb7c0000, 0x00000000c4000000)
  object space 30464K, 99% used [0x00000000b9a00000,0x00000000bb797640,0x00000000bb7c0000)
Event: 18.454 GC heap after
Heap after GC invocations=16 (full 1):
 PSYoungGen      total 318144K, used 0K [0x00000000ec000000, 0x00000000fffb0000, 0x0000000100000000)
  eden space 309056K, 0% used [0x00000000ec000000,0x00000000ec000000,0x00000000fedd0000)
  from space 9088K, 0% used [0x00000000fedd0000,0x00000000fedd0000,0x00000000ff6b0000)
  to   space 8896K, 0% used [0x00000000ff700000,0x00000000ff700000,0x00000000fffb0000)
 ParOldGen       total 58304K, used 30536K [0x00000000c4000000, 0x00000000c78f0000, 0x00000000ec000000)
  object space 58304K, 52% used [0x00000000c4000000,0x00000000c5dd21f0,0x00000000c78f0000)
 PSPermGen       total 60864K, used 30282K [0x00000000b9a00000, 0x00000000bd570000, 0x00000000c4000000)
  object space 60864K, 49% used [0x00000000b9a00000,0x00000000bb792ac0,0x00000000bd570000)
}
Event: 19.339 GC heap before
{Heap before GC invocations=17 (full 1):
 PSYoungGen      total 318144K, used 309056K [0x00000000ec000000, 0x00000000fffb0000, 0x0000000100000000)
  eden space 309056K, 100% used [0x00000000ec000000,0x00000000fedd0000,0x00000000fedd0000)
  from space 9088K, 0% used [0x00000000fedd0000,0x00000000fedd0000,0x00000000ff6b0000)
  to   space 8896K, 0% used [0x00000000ff700000,0x00000000ff700000,0x00000000fffb0000)
 ParOldGen       total 58304K, used 30536K [0x00000000c4000000, 0x00000000c78f0000, 0x00000000ec000000)
  object space 58304K, 52% used [0x00000000c4000000,0x00000000c5dd21f0,0x00000000c78f0000)
 PSPermGen       total 60864K, used 32219K [0x00000000b9a00000, 0x00000000bd570000, 0x00000000c4000000)
  object space 60864K, 52% used [0x00000000b9a00000,0x00000000bb976ea8,0x00000000bd570000)
Event: 19.346 GC heap after
Heap after GC invocations=17 (full 1):
 PSYoungGen      total 318336K, used 3312K [0x00000000ec000000, 0x00000000fff70000, 0x0000000100000000)
  eden space 309696K, 0% used [0x00000000ec000000,0x00000000ec000000,0x00000000fee70000)
  from space 8640K, 38% used [0x00000000ff700000,0x00000000ffa3c010,0x00000000fff70000)
  to   space 8704K, 0% used [0x00000000fee70000,0x00000000fee70000,0x00000000ff6f0000)
 ParOldGen       total 58304K, used 30536K [0x00000000c4000000, 0x00000000c78f0000, 0x00000000ec000000)
  object space 58304K, 52% used [0x00000000c4000000,0x00000000c5dd21f0,0x00000000c78f0000)
 PSPermGen       total 60864K, used 32219K [0x00000000b9a00000, 0x00000000bd570000, 0x00000000c4000000)
  object space 60864K, 52% used [0x00000000b9a00000,0x00000000bb976ea8,0x00000000bd570000)
}

