# JRE version: 7.0_15-b20
# Java VM: OpenJDK 64-Bit Server VM (23.7-b01 mixed mode linux-amd64 compressed oops)
Heap
 PSYoungGen      total 317248K, used 213932K [0x00000000ec000000, 0x00000000fff30000, 0x0000000100000000)
  eden space 307648K, 68% used [0x00000000ec000000,0x00000000f8db30b0,0x00000000fec70000)
  from space 9600K, 34% used [0x00000000ff5d0000,0x00000000ff908020,0x00000000fff30000)
  to   space 9600K, 0% used [0x00000000fec70000,0x00000000fec70000,0x00000000ff5d0000)
 ParOldGen       total 59328K, used 30890K [0x00000000c4000000, 0x00000000c79f0000, 0x00000000ec000000)
  object space 59328K, 52% used [0x00000000c4000000,0x00000000c5e2a940,0x00000000c79f0000)
 PSPermGen       total 60800K, used 34962K [0x00000000b9a00000, 0x00000000bd560000, 0x00000000c4000000)
  object space 60800K, 57% used [0x00000000b9a00000,0x00000000bbc24b38,0x00000000bd560000)
GC Heap History (10 events):
Event: 14.161 GC heap before
{Heap before GC invocations=13 (full 0):
 PSYoungGen      total 316928K, used 311249K [0x00000000ec000000, 0x0000000100000000, 0x0000000100000000)
  eden space 306304K, 100% used [0x00000000ec000000,0x00000000feb20000,0x00000000feb20000)
  from space 10624K, 46% used [0x00000000ff520000,0x00000000ff9f4688,0x00000000fff80000)
  to   space 10240K, 0% used [0x00000000feb20000,0x00000000feb20000,0x00000000ff520000)
 ParOldGen       total 40960K, used 28493K [0x00000000c4000000, 0x00000000c6800000, 0x00000000ec000000)
  object space 40960K, 69% used [0x00000000c4000000,0x00000000c5bd36f0,0x00000000c6800000)
 PSPermGen       total 27200K, used 27086K [0x00000000b9a00000, 0x00000000bb490000, 0x00000000c4000000)
  object space 27200K, 99% used [0x00000000b9a00000,0x00000000bb473890,0x00000000bb490000)
Event: 14.168 GC heap after
Heap after GC invocations=13 (full 0):
 PSYoungGen      total 316544K, used 960K [0x00000000ec000000, 0x0000000100000000, 0x0000000100000000)
  eden space 306304K, 0% used [0x00000000ec000000,0x00000000ec000000,0x00000000feb20000)
  from space 10240K, 9% used [0x00000000feb20000,0x00000000fec10000,0x00000000ff520000)
  to   space 10560K, 0% used [0x00000000ff5b0000,0x00000000ff5b0000,0x0000000100000000)
 ParOldGen       total 40960K, used 32797K [0x00000000c4000000, 0x00000000c6800000, 0x00000000ec000000)
  object space 40960K, 80% used [0x00000000c4000000,0x00000000c6007568,0x00000000c6800000)
 PSPermGen       total 27200K, used 27086K [0x00000000b9a00000, 0x00000000bb490000, 0x00000000c4000000)
  object space 27200K, 99% used [0x00000000b9a00000,0x00000000bb473890,0x00000000bb490000)
}
Event: 14.788 GC heap before
{Heap before GC invocations=14 (full 0):
 PSYoungGen      total 316544K, used 307264K [0x00000000ec000000, 0x0000000100000000, 0x0000000100000000)
  eden space 306304K, 100% used [0x00000000ec000000,0x00000000feb20000,0x00000000feb20000)
  from space 10240K, 9% used [0x00000000feb20000,0x00000000fec10000,0x00000000ff520000)
  to   space 10560K, 0% used [0x00000000ff5b0000,0x00000000ff5b0000,0x0000000100000000)
 ParOldGen       total 40960K, used 32797K [0x00000000c4000000, 0x00000000c6800000, 0x00000000ec000000)
  object space 40960K, 80% used [0x00000000c4000000,0x00000000c6007568,0x00000000c6800000)
 PSPermGen       total 27776K, used 27711K [0x00000000b9a00000, 0x00000000bb520000, 0x00000000c4000000)
  object space 27776K, 99% used [0x00000000b9a00000,0x00000000bb50fdd0,0x00000000bb520000)
Event: 14.796 GC heap after
Heap after GC invocations=14 (full 0):
 PSYoungGen      total 316992K, used 4128K [0x00000000ec000000, 0x00000000fff90000, 0x0000000100000000)
  eden space 306880K, 0% used [0x00000000ec000000,0x00000000ec000000,0x00000000febb0000)
  from space 10112K, 40% used [0x00000000ff5b0000,0x00000000ff9b8000,0x00000000fff90000)
  to   space 10176K, 0% used [0x00000000febb0000,0x00000000febb0000,0x00000000ff5a0000)
 ParOldGen       total 40960K, used 33709K [0x00000000c4000000, 0x00000000c6800000, 0x00000000ec000000)
  object space 40960K, 82% used [0x00000000c4000000,0x00000000c60eb5d8,0x00000000c6800000)
 PSPermGen       total 27776K, used 27711K [0x00000000b9a00000, 0x00000000bb520000, 0x00000000c4000000)
  object space 27776K, 99% used [0x00000000b9a00000,0x00000000bb50fdd0,0x00000000bb520000)
}
Event: 15.905 GC heap before
{Heap before GC invocations=15 (full 0):
 PSYoungGen      total 316992K, used 311008K [0x00000000ec000000, 0x00000000fff90000, 0x0000000100000000)
  eden space 306880K, 100% used [0x00000000ec000000,0x00000000febb0000,0x00000000febb0000)
  from space 10112K, 40% used [0x00000000ff5b0000,0x00000000ff9b8000,0x00000000fff90000)
  to   space 10176K, 0% used [0x00000000febb0000,0x00000000febb0000,0x00000000ff5a0000)
 ParOldGen       total 40960K, used 33709K [0x00000000c4000000, 0x00000000c6800000, 0x00000000ec000000)
  object space 40960K, 82% used [0x00000000c4000000,0x00000000c60eb5d8,0x00000000c6800000)
 PSPermGen       total 30464K, used 30280K [0x00000000b9a00000, 0x00000000bb7c0000, 0x00000000c4000000)
  object space 30464K, 99% used [0x00000000b9a00000,0x00000000bb792160,0x00000000bb7c0000)
Event: 15.916 GC heap after
Heap after GC invocations=15 (full 0):
 PSYoungGen      total 317056K, used 3616K [0x00000000ec000000, 0x00000000fff70000, 0x0000000100000000)
  eden space 306880K, 0% used [0x00000000ec000000,0x00000000ec000000,0x00000000febb0000)
  from space 10176K, 35% used [0x00000000febb0000,0x00000000fef38020,0x00000000ff5a0000)
  to   space 9856K, 0% used [0x00000000ff5d0000,0x00000000ff5d0000,0x00000000fff70000)
 ParOldGen       total 40960K, used 37600K [0x00000000c4000000, 0x00000000c6800000, 0x00000000ec000000)
  object space 40960K, 91% used [0x00000000c4000000,0x00000000c64b8310,0x00000000c6800000)
 PSPermGen       total 30464K, used 30280K [0x00000000b9a00000, 0x00000000bb7c0000, 0x00000000c4000000)
  object space 30464K, 99% used [0x00000000b9a00000,0x00000000bb792160,0x00000000bb7c0000)
}
Event: 15.916 GC heap before
{Heap before GC invocations=16 (full 1):
 PSYoungGen      total 317056K, used 3616K [0x00000000ec000000, 0x00000000fff70000, 0x0000000100000000)
  eden space 306880K, 0% used [0x00000000ec000000,0x00000000ec000000,0x00000000febb0000)
  from space 10176K, 35% used [0x00000000febb0000,0x00000000fef38020,0x00000000ff5a0000)
  to   space 9856K, 0% used [0x00000000ff5d0000,0x00000000ff5d0000,0x00000000fff70000)
 ParOldGen       total 40960K, used 37600K [0x00000000c4000000, 0x00000000c6800000, 0x00000000ec000000)
  object space 40960K, 91% used [0x00000000c4000000,0x00000000c64b8310,0x00000000c6800000)
 PSPermGen       total 30464K, used 30280K [0x00000000b9a00000, 0x00000000bb7c0000, 0x00000000c4000000)
  object space 30464K, 99% used [0x00000000b9a00000,0x00000000bb792160,0x00000000bb7c0000)
Event: 16.144 GC heap after
Heap after GC invocations=16 (full 1):
 PSYoungGen      total 317056K, used 0K [0x00000000ec000000, 0x00000000fff70000, 0x0000000100000000)
  eden space 306880K, 0% used [0x00000000ec000000,0x00000000ec000000,0x00000000febb0000)
  from space 10176K, 0% used [0x00000000febb0000,0x00000000febb0000,0x00000000ff5a0000)
  to   space 9856K, 0% used [0x00000000ff5d0000,0x00000000ff5d0000,0x00000000fff70000)
 ParOldGen       total 59328K, used 30890K [0x00000000c4000000, 0x00000000c79f0000, 0x00000000ec000000)
  object space 59328K, 52% used [0x00000000c4000000,0x00000000c5e2a940,0x00000000c79f0000)
 PSPermGen       total 60800K, used 30261K [0x00000000b9a00000, 0x00000000bd560000, 0x00000000c4000000)
  object space 60800K, 49% used [0x00000000b9a00000,0x00000000bb78d720,0x00000000bd560000)
}
Event: 17.036 GC heap before
{Heap before GC invocations=17 (full 1):
 PSYoungGen      total 317056K, used 306880K [0x00000000ec000000, 0x00000000fff70000, 0x0000000100000000)
  eden space 306880K, 100% used [0x00000000ec000000,0x00000000febb0000,0x00000000febb0000)
  from space 10176K, 0% used [0x00000000febb0000,0x00000000febb0000,0x00000000ff5a0000)
  to   space 9856K, 0% used [0x00000000ff5d0000,0x00000000ff5d0000,0x00000000fff70000)
 ParOldGen       total 59328K, used 30890K [0x00000000c4000000, 0x00000000c79f0000, 0x00000000ec000000)
  object space 59328K, 52% used [0x00000000c4000000,0x00000000c5e2a940,0x00000000c79f0000)
 PSPermGen       total 60800K, used 32093K [0x00000000b9a00000, 0x00000000bd560000, 0x00000000c4000000)
  object space 60800K, 52% used [0x00000000b9a00000,0x00000000bb9574d0,0x00000000bd560000)
Event: 17.043 GC heap after
Heap after GC invocations=17 (full 1):
 PSYoungGen      total 317248K, used 3296K [0x00000000ec000000, 0x00000000fff30000, 0x0000000100000000)
  eden space 307648K, 0% used [0x00000000ec000000,0x00000000ec000000,0x00000000fec70000)
  from space 9600K, 34% used [0x00000000ff5d0000,0x00000000ff908020,0x00000000fff30000)
  to   space 9600K, 0% used [0x00000000fec70000,0x00000000fec70000,0x00000000ff5d0000)
 ParOldGen       total 59328K, used 30890K [0x00000000c4000000, 0x00000000c79f0000, 0x00000000ec000000)
  object space 59328K, 52% used [0x00000000c4000000,0x00000000c5e2a940,0x00000000c79f0000)
 PSPermGen       total 60800K, used 32093K [0x00000000b9a00000, 0x00000000bd560000, 0x00000000c4000000)
  object space 60800K, 52% used [0x00000000b9a00000,0x00000000bb9574d0,0x00000000bd560000)
}

