# JRE version: 7.0_15-b20
# Java VM: OpenJDK 64-Bit Server VM (23.7-b01 mixed mode linux-amd64 compressed oops)
Heap
 PSYoungGen      total 283840K, used 46982K [0x00000000ec000000, 0x00000000ff170000, 0x0000000100000000)
  eden space 283648K, 16% used [0x00000000ec000000,0x00000000eedb1bf8,0x00000000fd500000)
  from space 192K, 100% used [0x00000000ff140000,0x00000000ff170000,0x00000000ff170000)
  to   space 7744K, 0% used [0x00000000fe250000,0x00000000fe250000,0x00000000fe9e0000)
 ParOldGen       total 58816K, used 37986K [0x00000000c4000000, 0x00000000c7970000, 0x00000000ec000000)
  object space 58816K, 64% used [0x00000000c4000000,0x00000000c6518938,0x00000000c7970000)
 PSPermGen       total 66432K, used 36668K [0x00000000b9a00000, 0x00000000bdae0000, 0x00000000c4000000)
  object space 66432K, 55% used [0x00000000b9a00000,0x00000000bbdcf070,0x00000000bdae0000)
GC Heap History (10 events):
Event: 120.574 GC heap before
{Heap before GC invocations=19 (full 1):
 PSYoungGen      total 319552K, used 311872K [0x00000000ec000000, 0x00000000fffc0000, 0x0000000100000000)
  eden space 311872K, 100% used [0x00000000ec000000,0x00000000ff090000,0x00000000ff090000)
  from space 7680K, 0% used [0x00000000ff090000,0x00000000ff090000,0x00000000ff810000)
  to   space 7424K, 0% used [0x00000000ff880000,0x00000000ff880000,0x00000000fffc0000)
 ParOldGen       total 58816K, used 34250K [0x00000000c4000000, 0x00000000c7970000, 0x00000000ec000000)
  object space 58816K, 58% used [0x00000000c4000000,0x00000000c61728a0,0x00000000c7970000)
 PSPermGen       total 66432K, used 35719K [0x00000000b9a00000, 0x00000000bdae0000, 0x00000000c4000000)
  object space 66432K, 53% used [0x00000000b9a00000,0x00000000bbce1f28,0x00000000bdae0000)
Event: 120.589 GC heap after
Heap after GC invocations=19 (full 1):
 PSYoungGen      total 319616K, used 3355K [0x00000000ec000000, 0x00000000fff60000, 0x0000000100000000)
  eden space 312576K, 0% used [0x00000000ec000000,0x00000000ec000000,0x00000000ff140000)
  from space 7040K, 47% used [0x00000000ff880000,0x00000000ffbc6cd0,0x00000000fff60000)
  to   space 7232K, 0% used [0x00000000ff140000,0x00000000ff140000,0x00000000ff850000)
 ParOldGen       total 58816K, used 34258K [0x00000000c4000000, 0x00000000c7970000, 0x00000000ec000000)
  object space 58816K, 58% used [0x00000000c4000000,0x00000000c61748a0,0x00000000c7970000)
 PSPermGen       total 66432K, used 35719K [0x00000000b9a00000, 0x00000000bdae0000, 0x00000000c4000000)
  object space 66432K, 53% used [0x00000000b9a00000,0x00000000bbce1f28,0x00000000bdae0000)
}
Event: 155.776 GC heap before
{Heap before GC invocations=20 (full 1):
 PSYoungGen      total 319616K, used 315931K [0x00000000ec000000, 0x00000000fff60000, 0x0000000100000000)
  eden space 312576K, 100% used [0x00000000ec000000,0x00000000ff140000,0x00000000ff140000)
  from space 7040K, 47% used [0x00000000ff880000,0x00000000ffbc6cd0,0x00000000fff60000)
  to   space 7232K, 0% used [0x00000000ff140000,0x00000000ff140000,0x00000000ff850000)
 ParOldGen       total 58816K, used 34258K [0x00000000c4000000, 0x00000000c7970000, 0x00000000ec000000)
  object space 58816K, 58% used [0x00000000c4000000,0x00000000c61748a0,0x00000000c7970000)
 PSPermGen       total 66432K, used 36076K [0x00000000b9a00000, 0x00000000bdae0000, 0x00000000c4000000)
  object space 66432K, 54% used [0x00000000b9a00000,0x00000000bbd3b300,0x00000000bdae0000)
Event: 155.783 GC heap after
Heap after GC invocations=20 (full 1):
 PSYoungGen      total 319808K, used 336K [0x00000000ec000000, 0x0000000100000000, 0x0000000100000000)
  eden space 312576K, 0% used [0x00000000ec000000,0x00000000ec000000,0x00000000ff140000)
  from space 7232K, 4% used [0x00000000ff140000,0x00000000ff194010,0x00000000ff850000)
  to   space 7488K, 0% used [0x00000000ff8b0000,0x00000000ff8b0000,0x0000000100000000)
 ParOldGen       total 58816K, used 37426K [0x00000000c4000000, 0x00000000c7970000, 0x00000000ec000000)
  object space 58816K, 63% used [0x00000000c4000000,0x00000000c648c938,0x00000000c7970000)
 PSPermGen       total 66432K, used 36076K [0x00000000b9a00000, 0x00000000bdae0000, 0x00000000c4000000)
  object space 66432K, 54% used [0x00000000b9a00000,0x00000000bbd3b300,0x00000000bdae0000)
}
Event: 159.963 GC heap before
{Heap before GC invocations=21 (full 1):
 PSYoungGen      total 319808K, used 312912K [0x00000000ec000000, 0x0000000100000000, 0x0000000100000000)
  eden space 312576K, 100% used [0x00000000ec000000,0x00000000ff140000,0x00000000ff140000)
  from space 7232K, 4% used [0x00000000ff140000,0x00000000ff194010,0x00000000ff850000)
  to   space 7488K, 0% used [0x00000000ff8b0000,0x00000000ff8b0000,0x0000000100000000)
 ParOldGen       total 58816K, used 37426K [0x00000000c4000000, 0x00000000c7970000, 0x00000000ec000000)
  object space 58816K, 63% used [0x00000000c4000000,0x00000000c648c938,0x00000000c7970000)
 PSPermGen       total 66432K, used 36417K [0x00000000b9a00000, 0x00000000bdae0000, 0x00000000c4000000)
  object space 66432K, 54% used [0x00000000b9a00000,0x00000000bbd90558,0x00000000bdae0000)
Event: 159.967 GC heap after
Heap after GC invocations=21 (full 1):
 PSYoungGen      total 319808K, used 288K [0x00000000ec000000, 0x0000000100000000, 0x0000000100000000)
  eden space 312320K, 0% used [0x00000000ec000000,0x00000000ec000000,0x00000000ff100000)
  from space 7488K, 3% used [0x00000000ff8b0000,0x00000000ff8f8000,0x0000000100000000)
  to   space 7680K, 0% used [0x00000000ff100000,0x00000000ff100000,0x00000000ff880000)
 ParOldGen       total 58816K, used 37642K [0x00000000c4000000, 0x00000000c7970000, 0x00000000ec000000)
  object space 58816K, 64% used [0x00000000c4000000,0x00000000c64c2938,0x00000000c7970000)
 PSPermGen       total 66432K, used 36417K [0x00000000b9a00000, 0x00000000bdae0000, 0x00000000c4000000)
  object space 66432K, 54% used [0x00000000b9a00000,0x00000000bbd90558,0x00000000bdae0000)
}
Event: 182.338 GC heap before
{Heap before GC invocations=22 (full 1):
 PSYoungGen      total 319808K, used 312608K [0x00000000ec000000, 0x0000000100000000, 0x0000000100000000)
  eden space 312320K, 100% used [0x00000000ec000000,0x00000000ff100000,0x00000000ff100000)
  from space 7488K, 3% used [0x00000000ff8b0000,0x00000000ff8f8000,0x0000000100000000)
  to   space 7680K, 0% used [0x00000000ff100000,0x00000000ff100000,0x00000000ff880000)
 ParOldGen       total 58816K, used 37642K [0x00000000c4000000, 0x00000000c7970000, 0x00000000ec000000)
  object space 58816K, 64% used [0x00000000c4000000,0x00000000c64c2938,0x00000000c7970000)
 PSPermGen       total 66432K, used 36562K [0x00000000b9a00000, 0x00000000bdae0000, 0x00000000c4000000)
  object space 66432K, 55% used [0x00000000b9a00000,0x00000000bbdb4b58,0x00000000bdae0000)
Event: 182.344 GC heap after
Heap after GC invocations=22 (full 1):
 PSYoungGen      total 297856K, used 256K [0x00000000ec000000, 0x00000000ff8c0000, 0x0000000100000000)
  eden space 297600K, 0% used [0x00000000ec000000,0x00000000ec000000,0x00000000fe2a0000)
  from space 256K, 100% used [0x00000000ff100000,0x00000000ff140000,0x00000000ff140000)
  to   space 7680K, 0% used [0x00000000ff140000,0x00000000ff140000,0x00000000ff8c0000)
 ParOldGen       total 58816K, used 37850K [0x00000000c4000000, 0x00000000c7970000, 0x00000000ec000000)
  object space 58816K, 64% used [0x00000000c4000000,0x00000000c64f6938,0x00000000c7970000)
 PSPermGen       total 66432K, used 36562K [0x00000000b9a00000, 0x00000000bdae0000, 0x00000000c4000000)
  object space 66432K, 55% used [0x00000000b9a00000,0x00000000bbdb4b58,0x00000000bdae0000)
}
Event: 182.949 GC heap before
{Heap before GC invocations=23 (full 1):
 PSYoungGen      total 297856K, used 297856K [0x00000000ec000000, 0x00000000ff8c0000, 0x0000000100000000)
  eden space 297600K, 100% used [0x00000000ec000000,0x00000000fe2a0000,0x00000000fe2a0000)
  from space 256K, 100% used [0x00000000ff100000,0x00000000ff140000,0x00000000ff140000)
  to   space 7680K, 0% used [0x00000000ff140000,0x00000000ff140000,0x00000000ff8c0000)
 ParOldGen       total 58816K, used 37850K [0x00000000c4000000, 0x00000000c7970000, 0x00000000ec000000)
  object space 58816K, 64% used [0x00000000c4000000,0x00000000c64f6938,0x00000000c7970000)
 PSPermGen       total 66432K, used 36628K [0x00000000b9a00000, 0x00000000bdae0000, 0x00000000c4000000)
  object space 66432K, 55% used [0x00000000b9a00000,0x00000000bbdc50b8,0x00000000bdae0000)
Event: 182.953 GC heap after
Heap after GC invocations=23 (full 1):
 PSYoungGen      total 283840K, used 192K [0x00000000ec000000, 0x00000000ff170000, 0x0000000100000000)
  eden space 283648K, 0% used [0x00000000ec000000,0x00000000ec000000,0x00000000fd500000)
  from space 192K, 100% used [0x00000000ff140000,0x00000000ff170000,0x00000000ff170000)
  to   space 7744K, 0% used [0x00000000fe250000,0x00000000fe250000,0x00000000fe9e0000)
 ParOldGen       total 58816K, used 37986K [0x00000000c4000000, 0x00000000c7970000, 0x00000000ec000000)
  object space 58816K, 64% used [0x00000000c4000000,0x00000000c6518938,0x00000000c7970000)
 PSPermGen       total 66432K, used 36628K [0x00000000b9a00000, 0x00000000bdae0000, 0x00000000c4000000)
  object space 66432K, 55% used [0x00000000b9a00000,0x00000000bbdc50b8,0x00000000bdae0000)
}

