# JRE version: 7.0_15-b20
# Java VM: OpenJDK 64-Bit Server VM (23.7-b01 mixed mode linux-amd64 compressed oops)
Heap
 PSYoungGen      total 317568K, used 215296K [0x00000000ec000000, 0x00000000fff30000, 0x0000000100000000)
  eden space 308224K, 68% used [0x00000000ec000000,0x00000000f8ef41a8,0x00000000fed00000)
  from space 9344K, 36% used [0x00000000ff610000,0x00000000ff95c010,0x00000000fff30000)
  to   space 9280K, 0% used [0x00000000fed00000,0x00000000fed00000,0x00000000ff610000)
 ParOldGen       total 53312K, used 30389K [0x00000000c4000000, 0x00000000c7410000, 0x00000000ec000000)
  object space 53312K, 57% used [0x00000000c4000000,0x00000000c5dad678,0x00000000c7410000)
 PSPermGen       total 60992K, used 35167K [0x00000000b9a00000, 0x00000000bd590000, 0x00000000c4000000)
  object space 60992K, 57% used [0x00000000b9a00000,0x00000000bbc57e08,0x00000000bd590000)
GC Heap History (10 events):
Event: 200.805 GC heap before
{Heap before GC invocations=13 (full 0):
 PSYoungGen      total 317056K, used 311809K [0x00000000ec000000, 0x0000000100000000, 0x0000000100000000)
  eden space 306816K, 100% used [0x00000000ec000000,0x00000000feba0000,0x00000000feba0000)
  from space 10240K, 48% used [0x00000000ff540000,0x00000000ffa205c8,0x00000000fff40000)
  to   space 9856K, 0% used [0x00000000feba0000,0x00000000feba0000,0x00000000ff540000)
 ParOldGen       total 40960K, used 28479K [0x00000000c4000000, 0x00000000c6800000, 0x00000000ec000000)
  object space 40960K, 69% used [0x00000000c4000000,0x00000000c5bcfe98,0x00000000c6800000)
 PSPermGen       total 27392K, used 27291K [0x00000000b9a00000, 0x00000000bb4c0000, 0x00000000c4000000)
  object space 27392K, 99% used [0x00000000b9a00000,0x00000000bb4a6e58,0x00000000bb4c0000)
Event: 200.812 GC heap after
Heap after GC invocations=13 (full 0):
 PSYoungGen      total 316672K, used 960K [0x00000000ec000000, 0x0000000100000000, 0x0000000100000000)
  eden space 306816K, 0% used [0x00000000ec000000,0x00000000ec000000,0x00000000feba0000)
  from space 9856K, 9% used [0x00000000feba0000,0x00000000fec90000,0x00000000ff540000)
  to   space 10176K, 0% used [0x00000000ff610000,0x00000000ff610000,0x0000000100000000)
 ParOldGen       total 40960K, used 32870K [0x00000000c4000000, 0x00000000c6800000, 0x00000000ec000000)
  object space 40960K, 80% used [0x00000000c4000000,0x00000000c6019a20,0x00000000c6800000)
 PSPermGen       total 27392K, used 27291K [0x00000000b9a00000, 0x00000000bb4c0000, 0x00000000c4000000)
  object space 27392K, 99% used [0x00000000b9a00000,0x00000000bb4a6e58,0x00000000bb4c0000)
}
Event: 201.396 GC heap before
{Heap before GC invocations=14 (full 0):
 PSYoungGen      total 316672K, used 307776K [0x00000000ec000000, 0x0000000100000000, 0x0000000100000000)
  eden space 306816K, 100% used [0x00000000ec000000,0x00000000feba0000,0x00000000feba0000)
  from space 9856K, 9% used [0x00000000feba0000,0x00000000fec90000,0x00000000ff540000)
  to   space 10176K, 0% used [0x00000000ff610000,0x00000000ff610000,0x0000000100000000)
 ParOldGen       total 40960K, used 32870K [0x00000000c4000000, 0x00000000c6800000, 0x00000000ec000000)
  object space 40960K, 80% used [0x00000000c4000000,0x00000000c6019a20,0x00000000c6800000)
 PSPermGen       total 27968K, used 27915K [0x00000000b9a00000, 0x00000000bb550000, 0x00000000c4000000)
  object space 27968K, 99% used [0x00000000b9a00000,0x00000000bb542e30,0x00000000bb550000)
Event: 201.407 GC heap after
Heap after GC invocations=14 (full 0):
 PSYoungGen      total 317504K, used 3968K [0x00000000ec000000, 0x00000000fffb0000, 0x0000000100000000)
  eden space 307648K, 0% used [0x00000000ec000000,0x00000000ec000000,0x00000000fec70000)
  from space 9856K, 40% used [0x00000000ff610000,0x00000000ff9f0000,0x00000000fffb0000)
  to   space 9856K, 0% used [0x00000000fec70000,0x00000000fec70000,0x00000000ff610000)
 ParOldGen       total 40960K, used 33790K [0x00000000c4000000, 0x00000000c6800000, 0x00000000ec000000)
  object space 40960K, 82% used [0x00000000c4000000,0x00000000c60ff938,0x00000000c6800000)
 PSPermGen       total 27968K, used 27915K [0x00000000b9a00000, 0x00000000bb550000, 0x00000000c4000000)
  object space 27968K, 99% used [0x00000000b9a00000,0x00000000bb542e30,0x00000000bb550000)
}
Event: 202.514 GC heap before
{Heap before GC invocations=15 (full 0):
 PSYoungGen      total 317504K, used 311616K [0x00000000ec000000, 0x00000000fffb0000, 0x0000000100000000)
  eden space 307648K, 100% used [0x00000000ec000000,0x00000000fec70000,0x00000000fec70000)
  from space 9856K, 40% used [0x00000000ff610000,0x00000000ff9f0000,0x00000000fffb0000)
  to   space 9856K, 0% used [0x00000000fec70000,0x00000000fec70000,0x00000000ff610000)
 ParOldGen       total 40960K, used 33790K [0x00000000c4000000, 0x00000000c6800000, 0x00000000ec000000)
  object space 40960K, 82% used [0x00000000c4000000,0x00000000c60ff938,0x00000000c6800000)
 PSPermGen       total 30656K, used 30476K [0x00000000b9a00000, 0x00000000bb7f0000, 0x00000000c4000000)
  object space 30656K, 99% used [0x00000000b9a00000,0x00000000bb7c31a8,0x00000000bb7f0000)
Event: 202.524 GC heap after
Heap after GC invocations=15 (full 0):
 PSYoungGen      total 317504K, used 3664K [0x00000000ec000000, 0x00000000fff60000, 0x0000000100000000)
  eden space 307648K, 0% used [0x00000000ec000000,0x00000000ec000000,0x00000000fec70000)
  from space 9856K, 37% used [0x00000000fec70000,0x00000000ff004010,0x00000000ff610000)
  to   space 9536K, 0% used [0x00000000ff610000,0x00000000ff610000,0x00000000fff60000)
 ParOldGen       total 40960K, used 37516K [0x00000000c4000000, 0x00000000c6800000, 0x00000000ec000000)
  object space 40960K, 91% used [0x00000000c4000000,0x00000000c64a31e8,0x00000000c6800000)
 PSPermGen       total 30656K, used 30476K [0x00000000b9a00000, 0x00000000bb7f0000, 0x00000000c4000000)
  object space 30656K, 99% used [0x00000000b9a00000,0x00000000bb7c31a8,0x00000000bb7f0000)
}
Event: 202.525 GC heap before
{Heap before GC invocations=16 (full 1):
 PSYoungGen      total 317504K, used 3664K [0x00000000ec000000, 0x00000000fff60000, 0x0000000100000000)
  eden space 307648K, 0% used [0x00000000ec000000,0x00000000ec000000,0x00000000fec70000)
  from space 9856K, 37% used [0x00000000fec70000,0x00000000ff004010,0x00000000ff610000)
  to   space 9536K, 0% used [0x00000000ff610000,0x00000000ff610000,0x00000000fff60000)
 ParOldGen       total 40960K, used 37516K [0x00000000c4000000, 0x00000000c6800000, 0x00000000ec000000)
  object space 40960K, 91% used [0x00000000c4000000,0x00000000c64a31e8,0x00000000c6800000)
 PSPermGen       total 30656K, used 30476K [0x00000000b9a00000, 0x00000000bb7f0000, 0x00000000c4000000)
  object space 30656K, 99% used [0x00000000b9a00000,0x00000000bb7c31a8,0x00000000bb7f0000)
Event: 202.762 GC heap after
Heap after GC invocations=16 (full 1):
 PSYoungGen      total 317504K, used 0K [0x00000000ec000000, 0x00000000fff60000, 0x0000000100000000)
  eden space 307648K, 0% used [0x00000000ec000000,0x00000000ec000000,0x00000000fec70000)
  from space 9856K, 0% used [0x00000000fec70000,0x00000000fec70000,0x00000000ff610000)
  to   space 9536K, 0% used [0x00000000ff610000,0x00000000ff610000,0x00000000fff60000)
 ParOldGen       total 53312K, used 30389K [0x00000000c4000000, 0x00000000c7410000, 0x00000000ec000000)
  object space 53312K, 57% used [0x00000000c4000000,0x00000000c5dad678,0x00000000c7410000)
 PSPermGen       total 60992K, used 30457K [0x00000000b9a00000, 0x00000000bd590000, 0x00000000c4000000)
  object space 60992K, 49% used [0x00000000b9a00000,0x00000000bb7be688,0x00000000bd590000)
}
Event: 203.626 GC heap before
{Heap before GC invocations=17 (full 1):
 PSYoungGen      total 317504K, used 307648K [0x00000000ec000000, 0x00000000fff60000, 0x0000000100000000)
  eden space 307648K, 100% used [0x00000000ec000000,0x00000000fec70000,0x00000000fec70000)
  from space 9856K, 0% used [0x00000000fec70000,0x00000000fec70000,0x00000000ff610000)
  to   space 9536K, 0% used [0x00000000ff610000,0x00000000ff610000,0x00000000fff60000)
 ParOldGen       total 53312K, used 30389K [0x00000000c4000000, 0x00000000c7410000, 0x00000000ec000000)
  object space 53312K, 57% used [0x00000000c4000000,0x00000000c5dad678,0x00000000c7410000)
 PSPermGen       total 60992K, used 32268K [0x00000000b9a00000, 0x00000000bd590000, 0x00000000c4000000)
  object space 60992K, 52% used [0x00000000b9a00000,0x00000000bb9830b0,0x00000000bd590000)
Event: 203.632 GC heap after
Heap after GC invocations=17 (full 1):
 PSYoungGen      total 317568K, used 3376K [0x00000000ec000000, 0x00000000fff30000, 0x0000000100000000)
  eden space 308224K, 0% used [0x00000000ec000000,0x00000000ec000000,0x00000000fed00000)
  from space 9344K, 36% used [0x00000000ff610000,0x00000000ff95c010,0x00000000fff30000)
  to   space 9280K, 0% used [0x00000000fed00000,0x00000000fed00000,0x00000000ff610000)
 ParOldGen       total 53312K, used 30389K [0x00000000c4000000, 0x00000000c7410000, 0x00000000ec000000)
  object space 53312K, 57% used [0x00000000c4000000,0x00000000c5dad678,0x00000000c7410000)
 PSPermGen       total 60992K, used 32268K [0x00000000b9a00000, 0x00000000bd590000, 0x00000000c4000000)
  object space 60992K, 52% used [0x00000000b9a00000,0x00000000bb9830b0,0x00000000bd590000)
}

